<?xml version="1.0" encoding="UTF-8"?>
<!-- Generated by org.testng.reporters.JUnitReportReporter -->
<testsuite hostname="DESKTOP-HF663UQ" failures="0" tests="1" name="Test_Classes.Post_TC1" time="135.993" errors="0" timestamp="2023-07-02T23:07:44 IST" skipped="0">
  <testcase classname="Test_Classes.Post_TC1" name="extractor" time="135.993"/>
  <system-out/>
</testsuite> <!-- Test_Classes.Post_TC1 -->
